0 info it worked if it ends with ok
1 verbose cli [ 'C:\\Program Files (x86)\\Microsoft Visual Studio\\2017\\Professional\\Web\\External\\Node.exe',
1 verbose cli   'C:\\Program Files (x86)\\Microsoft Visual Studio\\2017\\Professional\\Web\\External\\node_modules\\npm\\bin\\npm-cli.js',
1 verbose cli   'run',
1 verbose cli   'start',
1 verbose cli   '--color=always' ]
2 info using npm@3.3.4
3 info using node@v5.4.1
4 verbose run-script [ 'prestart', 'start', 'poststart' ]
5 info lifecycle url-metadata-api@0.0.1~prestart: url-metadata-api@0.0.1
6 silly lifecycle url-metadata-api@0.0.1~prestart: no script for prestart, continuing
7 info lifecycle url-metadata-api@0.0.1~start: url-metadata-api@0.0.1
8 verbose lifecycle url-metadata-api@0.0.1~start: unsafe-perm in lifecycle true
9 verbose lifecycle url-metadata-api@0.0.1~start: PATH: C:\Program Files (x86)\Microsoft Visual Studio\2017\Professional\Web\External\node_modules\npm\bin\node-gyp-bin;C:\dotnet_projects\url-metadata-api\node_modules\.bin;.\node_modules\.bin;C:\Program Files (x86)\Microsoft Visual Studio\2017\Professional\Web\External;C:\Python27\;C:\Python27\Scripts;C:\Program Files (x86)\Common Files\Oracle\Java\javapath;C:\Program Files (x86)\Intel\iCLS Client\;C:\Program Files\Intel\iCLS Client\;C:\Windows\system32;C:\Windows;C:\Windows\System32\Wbem;C:\Windows\System32\WindowsPowerShell\v1.0\;C:\Program Files (x86)\Intel\Intel(R) Management Engine Components\DAL;C:\Program Files\Intel\Intel(R) Management Engine Components\DAL;C:\Program Files (x86)\Intel\Intel(R) Management Engine Components\IPT;C:\Program Files\Intel\Intel(R) Management Engine Components\IPT;C:\Program Files (x86)\NVIDIA Corporation\PhysX\Common;C:\WINDOWS\system32;C:\WINDOWS;C:\WINDOWS\System32\Wbem;C:\WINDOWS\System32\WindowsPowerShell\v1.0\;C:\Program Files (x86)\Microsoft SQL Server\Client SDK\ODBC\130\Tools\Binn\;C:\Program Files (x86)\Microsoft SQL Server\140\Tools\Binn\;C:\Program Files (x86)\Microsoft SQL Server\140\DTS\Binn\;C:\Program Files (x86)\Microsoft SQL Server\140\Tools\Binn\ManagementStudio\;C:\Program Files\Git\cmd;C:\Program Files\Microsoft VS Code\bin;C:\Program Files\Microsoft SQL Server\110\Tools\Binn\;C:\Program Files\dotnet\;C:\Program Files\Microsoft SQL Server\130\Tools\Binn\;C:\Program Files\Microsoft\Web Platform Installer\;C:\Program Files\nodejs\;C:\Program Files\Microsoft SQL Server\Client SDK\ODBC\130\Tools\Binn\;C:\Program Files\Microsoft SQL Server\140\Tools\Binn\;C:\Program Files\Microsoft SQL Server\140\DTS\Binn\;C:\Program Files\Symantec.cloud\PlatformAgent\;C:\WINDOWS\System32\OpenSSH\;C:\Program Files\Intel\WiFi\bin\;C:\Program Files\Common Files\Intel\WirelessCommon\;C:\Users\jamie.p\AppData\Local\Microsoft\WindowsApps;C:\Program Files\nodejs\;C:\Users\jamie.p\bin;C:\Users\jamie.p\AppData\Roaming\npm;;C:\Program Files (x86)\Microsoft Visual Studio\2017\Professional\Common7\IDE\CommonExtensions\Microsoft\TeamFoundation\Team Explorer\Git\cmd;C:\Program Files (x86)\Microsoft Visual Studio\2017\Professional\Common7\IDE\CommonExtensions\Microsoft\TeamFoundation\Team Explorer\Git\mingw32\bin
10 verbose lifecycle url-metadata-api@0.0.1~start: CWD: C:\dotnet_projects\url-metadata-api
11 silly lifecycle url-metadata-api@0.0.1~start: Args: [ '/d /s /c',
11 silly lifecycle   'node-sass styles/index.scss wwwroot/css/styles.css' ]
12 silly lifecycle url-metadata-api@0.0.1~start: Returned: code: 1  signal: null
13 info lifecycle url-metadata-api@0.0.1~start: Failed to exec start script
14 verbose stack Error: url-metadata-api@0.0.1 start: `node-sass styles/index.scss wwwroot/css/styles.css`
14 verbose stack Exit status 1
14 verbose stack     at EventEmitter.<anonymous> (C:\Program Files (x86)\Microsoft Visual Studio\2017\Professional\Web\External\node_modules\npm\lib\utils\lifecycle.js:233:16)
14 verbose stack     at emitTwo (events.js:87:13)
14 verbose stack     at EventEmitter.emit (events.js:172:7)
14 verbose stack     at ChildProcess.<anonymous> (C:\Program Files (x86)\Microsoft Visual Studio\2017\Professional\Web\External\node_modules\npm\lib\utils\spawn.js:24:14)
14 verbose stack     at emitTwo (events.js:87:13)
14 verbose stack     at ChildProcess.emit (events.js:172:7)
14 verbose stack     at maybeClose (internal/child_process.js:821:16)
14 verbose stack     at Process.ChildProcess._handle.onexit (internal/child_process.js:211:5)
15 verbose pkgid url-metadata-api@0.0.1
16 verbose cwd C:\dotnet_projects\url-metadata-api
17 error Windows_NT 10.0.17134
18 error argv "C:\\Program Files (x86)\\Microsoft Visual Studio\\2017\\Professional\\Web\\External\\Node.exe" "C:\\Program Files (x86)\\Microsoft Visual Studio\\2017\\Professional\\Web\\External\\node_modules\\npm\\bin\\npm-cli.js" "run" "start" "--color=always"
19 error node v5.4.1
20 error npm  v3.3.4
21 error code ELIFECYCLE
22 error url-metadata-api@0.0.1 start: `node-sass styles/index.scss wwwroot/css/styles.css`
22 error Exit status 1
23 error Failed at the url-metadata-api@0.0.1 start script 'node-sass styles/index.scss wwwroot/css/styles.css'.
23 error This is most likely a problem with the url-metadata-api package,
23 error not with npm itself.
23 error Tell the author that this fails on your system:
23 error     node-sass styles/index.scss wwwroot/css/styles.css
23 error You can get their info via:
23 error     npm owner ls url-metadata-api
23 error There is likely additional logging output above.
24 verbose exit [ 1, true ]
